<?xml version="1.0" encoding="UTF-8"?>
<!-- Generated by org.testng.reporters.JUnitXMLReporter -->
<testsuite hostname="HJD11053" name="Test" tests="3" failures="1" timestamp="12 Mar 2020 06:13:04 GMT" time="16.986" errors="0">
  <testcase name="feature" time="8.723" classname="Runner.runner">
    <failure type="cucumber.runtime.CucumberException" message="java.lang.AssertionError: expected:&amp;lt;200&amp;gt; but was:&amp;lt;401&amp;gt;">
      <![CDATA[cucumber.runtime.CucumberException: java.lang.AssertionError: expected:<200> but was:<401>
	at cucumber.api.testng.TestNGCucumberRunner.runCucumber(TestNGCucumberRunner.java:69)
	at cucumber.api.testng.AbstractTestNGCucumberTests.feature(AbstractTestNGCucumberTests.java:21)
Caused by: java.lang.AssertionError: expected:<200> but was:<401>
	at org.junit.Assert.fail(Assert.java:88)
	at org.junit.Assert.failNotEquals(Assert.java:743)
	at org.junit.Assert.assertEquals(Assert.java:118)
	at org.junit.Assert.assertEquals(Assert.java:555)
	at org.junit.Assert.assertEquals(Assert.java:542)
	at StepDefination.AuthenticationGetTestcases.the_server_returns_Successfully_response(AuthenticationGetTestcases.java:56)
	at âœ½.Then the server returns Successfully '401' response(AutheticationGetMethod.feature:20)
... Removed 24 stack frames]]>
    </failure>
  </testcase> <!-- feature -->
  <testcase name="feature" time="3.91" classname="Runner.runner"/>
  <testcase name="feature" time="4.029" classname="Runner.runner"/>
</testsuite> <!-- Test -->
